<?xml version="1.0" encoding="UTF-8"?>
<testsuite xmlns:xsi="http://www.w3.org/2001/XMLSchema-instance" xsi:noNamespaceSchemaLocation="https://maven.apache.org/surefire/maven-surefire-plugin/xsd/surefire-test-report.xsd" version="3.0.2" name="TestSuite" time="7.031" tests="31" errors="0" skipped="0" failures="0">
  <properties>
    <property name="java.specification.version" value="17"/>
    <property name="sun.jnu.encoding" value="UTF-8"/>
    <property name="java.class.path" value="/Users/martinlichev/Downloads/bookstore-api-tests/target/test-classes:/Users/martinlichev/Downloads/bookstore-api-tests/target/classes:/Users/martinlichev/.m2/repository/io/rest-assured/rest-assured/5.4.0/rest-assured-5.4.0.jar:/Users/martinlichev/.m2/repository/org/apache/groovy/groovy/4.0.16/groovy-4.0.16.jar:/Users/martinlichev/.m2/repository/org/apache/groovy/groovy-xml/4.0.16/groovy-xml-4.0.16.jar:/Users/martinlichev/.m2/repository/org/apache/httpcomponents/httpclient/4.5.13/httpclient-4.5.13.jar:/Users/martinlichev/.m2/repository/org/apache/httpcomponents/httpcore/4.4.13/httpcore-4.4.13.jar:/Users/martinlichev/.m2/repository/commons-logging/commons-logging/1.2/commons-logging-1.2.jar:/Users/martinlichev/.m2/repository/commons-codec/commons-codec/1.11/commons-codec-1.11.jar:/Users/martinlichev/.m2/repository/org/apache/httpcomponents/httpmime/4.5.13/httpmime-4.5.13.jar:/Users/martinlichev/.m2/repository/org/hamcrest/hamcrest/2.2/hamcrest-2.2.jar:/Users/martinlichev/.m2/repository/org/ccil/cowan/tagsoup/tagsoup/1.2.1/tagsoup-1.2.1.jar:/Users/martinlichev/.m2/repository/io/rest-assured/json-path/5.4.0/json-path-5.4.0.jar:/Users/martinlichev/.m2/repository/org/apache/groovy/groovy-json/4.0.16/groovy-json-4.0.16.jar:/Users/martinlichev/.m2/repository/io/rest-assured/rest-assured-common/5.4.0/rest-assured-common-5.4.0.jar:/Users/martinlichev/.m2/repository/io/rest-assured/xml-path/5.4.0/xml-path-5.4.0.jar:/Users/martinlichev/.m2/repository/org/apache/commons/commons-lang3/3.11/commons-lang3-3.11.jar:/Users/martinlichev/.m2/repository/com/fasterxml/jackson/core/jackson-databind/2.17.2/jackson-databind-2.17.2.jar:/Users/martinlichev/.m2/repository/com/fasterxml/jackson/core/jackson-annotations/2.17.2/jackson-annotations-2.17.2.jar:/Users/martinlichev/.m2/repository/com/fasterxml/jackson/core/jackson-core/2.17.2/jackson-core-2.17.2.jar:/Users/martinlichev/.m2/repository/com/fasterxml/jackson/datatype/jackson-datatype-jsr310/2.17.2/jackson-datatype-jsr310-2.17.2.jar:/Users/martinlichev/.m2/repository/org/testng/testng/7.10.2/testng-7.10.2.jar:/Users/martinlichev/.m2/repository/org/slf4j/slf4j-api/1.7.36/slf4j-api-1.7.36.jar:/Users/martinlichev/.m2/repository/com/beust/jcommander/1.82/jcommander-1.82.jar:/Users/martinlichev/.m2/repository/org/webjars/jquery/3.7.1/jquery-3.7.1.jar:/Users/martinlichev/.m2/repository/org/assertj/assertj-core/3.26.0/assertj-core-3.26.0.jar:/Users/martinlichev/.m2/repository/net/bytebuddy/byte-buddy/1.14.16/byte-buddy-1.14.16.jar:/Users/martinlichev/.m2/repository/io/qameta/allure/allure-testng/2.27.0/allure-testng-2.27.0.jar:/Users/martinlichev/.m2/repository/io/qameta/allure/allure-java-commons/2.27.0/allure-java-commons-2.27.0.jar:/Users/martinlichev/.m2/repository/io/qameta/allure/allure-model/2.27.0/allure-model-2.27.0.jar:/Users/martinlichev/.m2/repository/io/qameta/allure/allure-test-filter/2.27.0/allure-test-filter-2.27.0.jar:/Users/martinlichev/.m2/repository/io/qameta/allure/allure-rest-assured/2.27.0/allure-rest-assured-2.27.0.jar:/Users/martinlichev/.m2/repository/io/qameta/allure/allure-attachments/2.27.0/allure-attachments-2.27.0.jar:/Users/martinlichev/.m2/repository/org/freemarker/freemarker/2.3.31/freemarker-2.3.31.jar:/Users/martinlichev/.m2/repository/net/datafaker/datafaker/2.2.2/datafaker-2.2.2.jar:/Users/martinlichev/.m2/repository/org/yaml/snakeyaml/2.2/snakeyaml-2.2.jar:/Users/martinlichev/.m2/repository/com/github/curious-odd-man/rgxgen/2.0/rgxgen-2.0.jar:/Users/martinlichev/.m2/repository/org/slf4j/slf4j-simple/2.0.13/slf4j-simple-2.0.13.jar:"/>
    <property name="java.vm.vendor" value="Homebrew"/>
    <property name="sun.arch.data.model" value="64"/>
    <property name="java.vendor.url" value="https://github.com/Homebrew/homebrew-core/issues"/>
    <property name="user.timezone" value="Europe/Sofia"/>
    <property name="os.name" value="Mac OS X"/>
    <property name="java.vm.specification.version" value="17"/>
    <property name="sun.java.launcher" value="SUN_STANDARD"/>
    <property name="user.country" value="US"/>
    <property name="sun.boot.library.path" value="/opt/homebrew/Cellar/openjdk@17/17.0.14/libexec/openjdk.jdk/Contents/Home/lib"/>
    <property name="sun.java.command" value="/Users/martinlichev/Downloads/bookstore-api-tests/target/surefire/surefirebooter-20250921144409237_3.jar /Users/martinlichev/Downloads/bookstore-api-tests/target/surefire 2025-09-21T14-44-09_117-jvmRun1 surefire-20250921144409237_1tmp surefire_0-20250921144409237_2tmp"/>
    <property name="http.nonProxyHosts" value="local|*.local|169.254/16|*.169.254/16"/>
    <property name="jdk.debug" value="release"/>
    <property name="surefire.test.class.path" value="/Users/martinlichev/Downloads/bookstore-api-tests/target/test-classes:/Users/martinlichev/Downloads/bookstore-api-tests/target/classes:/Users/martinlichev/.m2/repository/io/rest-assured/rest-assured/5.4.0/rest-assured-5.4.0.jar:/Users/martinlichev/.m2/repository/org/apache/groovy/groovy/4.0.16/groovy-4.0.16.jar:/Users/martinlichev/.m2/repository/org/apache/groovy/groovy-xml/4.0.16/groovy-xml-4.0.16.jar:/Users/martinlichev/.m2/repository/org/apache/httpcomponents/httpclient/4.5.13/httpclient-4.5.13.jar:/Users/martinlichev/.m2/repository/org/apache/httpcomponents/httpcore/4.4.13/httpcore-4.4.13.jar:/Users/martinlichev/.m2/repository/commons-logging/commons-logging/1.2/commons-logging-1.2.jar:/Users/martinlichev/.m2/repository/commons-codec/commons-codec/1.11/commons-codec-1.11.jar:/Users/martinlichev/.m2/repository/org/apache/httpcomponents/httpmime/4.5.13/httpmime-4.5.13.jar:/Users/martinlichev/.m2/repository/org/hamcrest/hamcrest/2.2/hamcrest-2.2.jar:/Users/martinlichev/.m2/repository/org/ccil/cowan/tagsoup/tagsoup/1.2.1/tagsoup-1.2.1.jar:/Users/martinlichev/.m2/repository/io/rest-assured/json-path/5.4.0/json-path-5.4.0.jar:/Users/martinlichev/.m2/repository/org/apache/groovy/groovy-json/4.0.16/groovy-json-4.0.16.jar:/Users/martinlichev/.m2/repository/io/rest-assured/rest-assured-common/5.4.0/rest-assured-common-5.4.0.jar:/Users/martinlichev/.m2/repository/io/rest-assured/xml-path/5.4.0/xml-path-5.4.0.jar:/Users/martinlichev/.m2/repository/org/apache/commons/commons-lang3/3.11/commons-lang3-3.11.jar:/Users/martinlichev/.m2/repository/com/fasterxml/jackson/core/jackson-databind/2.17.2/jackson-databind-2.17.2.jar:/Users/martinlichev/.m2/repository/com/fasterxml/jackson/core/jackson-annotations/2.17.2/jackson-annotations-2.17.2.jar:/Users/martinlichev/.m2/repository/com/fasterxml/jackson/core/jackson-core/2.17.2/jackson-core-2.17.2.jar:/Users/martinlichev/.m2/repository/com/fasterxml/jackson/datatype/jackson-datatype-jsr310/2.17.2/jackson-datatype-jsr310-2.17.2.jar:/Users/martinlichev/.m2/repository/org/testng/testng/7.10.2/testng-7.10.2.jar:/Users/martinlichev/.m2/repository/org/slf4j/slf4j-api/1.7.36/slf4j-api-1.7.36.jar:/Users/martinlichev/.m2/repository/com/beust/jcommander/1.82/jcommander-1.82.jar:/Users/martinlichev/.m2/repository/org/webjars/jquery/3.7.1/jquery-3.7.1.jar:/Users/martinlichev/.m2/repository/org/assertj/assertj-core/3.26.0/assertj-core-3.26.0.jar:/Users/martinlichev/.m2/repository/net/bytebuddy/byte-buddy/1.14.16/byte-buddy-1.14.16.jar:/Users/martinlichev/.m2/repository/io/qameta/allure/allure-testng/2.27.0/allure-testng-2.27.0.jar:/Users/martinlichev/.m2/repository/io/qameta/allure/allure-java-commons/2.27.0/allure-java-commons-2.27.0.jar:/Users/martinlichev/.m2/repository/io/qameta/allure/allure-model/2.27.0/allure-model-2.27.0.jar:/Users/martinlichev/.m2/repository/io/qameta/allure/allure-test-filter/2.27.0/allure-test-filter-2.27.0.jar:/Users/martinlichev/.m2/repository/io/qameta/allure/allure-rest-assured/2.27.0/allure-rest-assured-2.27.0.jar:/Users/martinlichev/.m2/repository/io/qameta/allure/allure-attachments/2.27.0/allure-attachments-2.27.0.jar:/Users/martinlichev/.m2/repository/org/freemarker/freemarker/2.3.31/freemarker-2.3.31.jar:/Users/martinlichev/.m2/repository/net/datafaker/datafaker/2.2.2/datafaker-2.2.2.jar:/Users/martinlichev/.m2/repository/org/yaml/snakeyaml/2.2/snakeyaml-2.2.jar:/Users/martinlichev/.m2/repository/com/github/curious-odd-man/rgxgen/2.0/rgxgen-2.0.jar:/Users/martinlichev/.m2/repository/org/slf4j/slf4j-simple/2.0.13/slf4j-simple-2.0.13.jar:"/>
    <property name="allure.results.directory" value="/Users/martinlichev/Downloads/bookstore-api-tests/target/allure-results"/>
    <property name="sun.cpu.endian" value="little"/>
    <property name="user.home" value="/Users/martinlichev"/>
    <property name="user.language" value="en"/>
    <property name="java.specification.vendor" value="Oracle Corporation"/>
    <property name="java.version.date" value="2025-01-21"/>
    <property name="java.home" value="/opt/homebrew/Cellar/openjdk@17/17.0.14/libexec/openjdk.jdk/Contents/Home"/>
    <property name="file.separator" value="/"/>
    <property name="basedir" value="/Users/martinlichev/Downloads/bookstore-api-tests"/>
    <property name="java.vm.compressedOopsMode" value="Zero based"/>
    <property name="line.separator" value="&#10;"/>
    <property name="java.vm.specification.vendor" value="Oracle Corporation"/>
    <property name="java.specification.name" value="Java Platform API Specification"/>
    <property name="surefire.real.class.path" value="/Users/martinlichev/Downloads/bookstore-api-tests/target/surefire/surefirebooter-20250921144409237_3.jar"/>
    <property name="sun.management.compiler" value="HotSpot 64-Bit Tiered Compilers"/>
    <property name="ftp.nonProxyHosts" value="local|*.local|169.254/16|*.169.254/16"/>
    <property name="java.runtime.version" value="17.0.14+0"/>
    <property name="user.name" value="martinlichev"/>
    <property name="path.separator" value=":"/>
    <property name="os.version" value="15.6"/>
    <property name="java.runtime.name" value="OpenJDK Runtime Environment"/>
    <property name="file.encoding" value="UTF-8"/>
    <property name="java.vm.name" value="OpenJDK 64-Bit Server VM"/>
    <property name="java.vendor.version" value="Homebrew"/>
    <property name="localRepository" value="/Users/martinlichev/.m2/repository"/>
    <property name="java.vendor.url.bug" value="https://github.com/Homebrew/homebrew-core/issues"/>
    <property name="java.io.tmpdir" value="/var/folders/83/k8yjbgpx2sg70r4xqpz50hvm0000gn/T/"/>
    <property name="java.version" value="17.0.14"/>
    <property name="user.dir" value="/Users/martinlichev/Downloads/bookstore-api-tests"/>
    <property name="os.arch" value="aarch64"/>
    <property name="java.vm.specification.name" value="Java Virtual Machine Specification"/>
    <property name="native.encoding" value="UTF-8"/>
    <property name="java.library.path" value="/Users/martinlichev/Library/Java/Extensions:/Library/Java/Extensions:/Network/Library/Java/Extensions:/System/Library/Java/Extensions:/usr/lib/java:."/>
    <property name="java.vm.info" value="mixed mode, sharing"/>
    <property name="java.vendor" value="Homebrew"/>
    <property name="java.vm.version" value="17.0.14+0"/>
    <property name="java.specification.maintenance.version" value="1"/>
    <property name="sun.io.unicode.encoding" value="UnicodeBig"/>
    <property name="socksNonProxyHosts" value="local|*.local|169.254/16|*.169.254/16"/>
    <property name="java.class.version" value="61.0"/>
  </properties>
  <testcase name="createBook_returns200AndEchoesPayload" classname="com.example.bookstore.api.tests.BooksApiTests" time="1.12">
    <system-err><![CDATA[SLF4J: Failed to load class "org.slf4j.impl.StaticLoggerBinder".
SLF4J: Defaulting to no-operation (NOP) logger implementation
SLF4J: See http://www.slf4j.org/codes.html#StaticLoggerBinder for further details.
]]></system-err>
  </testcase>
  <testcase name="deleteBook_returns200" classname="com.example.bookstore.api.tests.BooksApiTests" time="0.196"/>
  <testcase name="getAllBooks_returns200AndNonEmptyList" classname="com.example.bookstore.api.tests.BooksApiTests" time="0.5"/>
  <testcase name="getBookById_existing_returns200" classname="com.example.bookstore.api.tests.BooksApiTests" time="0.436"/>
  <testcase name="getBookById_notFound_returns404" classname="com.example.bookstore.api.tests.BooksApiTests" time="0.426">
    <system-out><![CDATA[HTTP/1.1 404 Not Found
Content-Type: application/problem+json; charset=utf-8; v=1.0
Date: Sun, 21 Sep 2025 11:44:11 GMT
Server: Kestrel
Transfer-Encoding: chunked
api-supported-versions: 1.0

{
    "type": "https://tools.ietf.org/html/rfc7231#section-6.5.4",
    "title": "Not Found",
    "status": 404,
    "traceId": "00-1b3b84a026043a49a93964215d469915-85e37278229d7f4d-00"
}
]]></system-out>
  </testcase>
  <testcase name="updateBook_returns200AndBodyMatchesPayload" classname="com.example.bookstore.api.tests.BooksApiTests" time="0.145"/>
  <testcase name="createAuthor_returns200AndEchoesPayload" classname="com.example.bookstore.api.tests.AuthorsApiTests" time="0.226"/>
  <testcase name="deleteAuthor_returns200" classname="com.example.bookstore.api.tests.AuthorsApiTests" time="0.137"/>
  <testcase name="getAllAuthors_returns200AndNonEmptyList" classname="com.example.bookstore.api.tests.AuthorsApiTests" time="0.212"/>
  <testcase name="getAuthorById_existing_returns200" classname="com.example.bookstore.api.tests.AuthorsApiTests" time="0.16"/>
  <testcase name="getAuthorById_notFound_returns404" classname="com.example.bookstore.api.tests.AuthorsApiTests" time="0.144">
    <system-out><![CDATA[HTTP/1.1 404 Not Found
Content-Type: application/problem+json; charset=utf-8; v=1.0
Date: Sun, 21 Sep 2025 11:44:12 GMT
Server: Kestrel
Transfer-Encoding: chunked
api-supported-versions: 1.0

{
    "type": "https://tools.ietf.org/html/rfc7231#section-6.5.4",
    "title": "Not Found",
    "status": 404,
    "traceId": "00-8f1cdd6db24b8144a35ac1fc527d37dc-9600cb70ffdace42-00"
}
]]></system-out>
  </testcase>
  <testcase name="getAuthorsByBookId_returns200" classname="com.example.bookstore.api.tests.AuthorsApiTests" time="0.166"/>
  <testcase name="updateAuthor_returns200" classname="com.example.bookstore.api.tests.AuthorsApiTests" time="0.141"/>
  <testcase name="createActivity_returns200AndEchoesPayload" classname="com.example.bookstore.api.tests.ActivitiesApiTests" time="0.13"/>
  <testcase name="deleteActivity_returns200" classname="com.example.bookstore.api.tests.ActivitiesApiTests" time="0.126"/>
  <testcase name="getActivityById_existing_returns200" classname="com.example.bookstore.api.tests.ActivitiesApiTests" time="0.14"/>
  <testcase name="getActivityById_notFound_returns404" classname="com.example.bookstore.api.tests.ActivitiesApiTests" time="0.145">
    <system-out><![CDATA[HTTP/1.1 404 Not Found
Content-Type: application/problem+json; charset=utf-8; v=1.0
Date: Sun, 21 Sep 2025 11:44:13 GMT
Server: Kestrel
Transfer-Encoding: chunked
api-supported-versions: 1.0

{
    "type": "https://tools.ietf.org/html/rfc7231#section-6.5.4",
    "title": "Not Found",
    "status": 404,
    "traceId": "00-38c55b43ce94ca4497c76906a81d7027-ace4e3af98758b46-00"
}
]]></system-out>
  </testcase>
  <testcase name="getAllActivities_returns200AndNonEmptyList" classname="com.example.bookstore.api.tests.ActivitiesApiTests" time="0.136"/>
  <testcase name="updateActivity_returns200" classname="com.example.bookstore.api.tests.ActivitiesApiTests" time="0.131"/>
  <testcase name="createCoverPhoto_returns200AndEchoesPayload" classname="com.example.bookstore.api.tests.CoverPhotosApiTests" time="0.122"/>
  <testcase name="deleteCoverPhoto_returns200" classname="com.example.bookstore.api.tests.CoverPhotosApiTests" time="0.144"/>
  <testcase name="getAllCoverPhotos_returns200AndNonEmptyList" classname="com.example.bookstore.api.tests.CoverPhotosApiTests" time="0.178"/>
  <testcase name="getCoverPhotoById_existing_returns200" classname="com.example.bookstore.api.tests.CoverPhotosApiTests" time="0.141"/>
  <testcase name="getCoverPhotosByBookId_returns200" classname="com.example.bookstore.api.tests.CoverPhotosApiTests" time="0.132"/>
  <testcase name="updateCoverPhoto_returns200" classname="com.example.bookstore.api.tests.CoverPhotosApiTests" time="0.127"/>
  <testcase name="createUser_returns200AndEchoesPayload" classname="com.example.bookstore.api.tests.UsersApiTests" time="0.144"/>
  <testcase name="deleteUser_returns200" classname="com.example.bookstore.api.tests.UsersApiTests" time="0.14"/>
  <testcase name="getAllUsers_returns200AndNonEmptyList" classname="com.example.bookstore.api.tests.UsersApiTests" time="0.123"/>
  <testcase name="getUserById_existing_returns200" classname="com.example.bookstore.api.tests.UsersApiTests" time="0.126"/>
  <testcase name="getUserById_notFound_returns404" classname="com.example.bookstore.api.tests.UsersApiTests" time="0.134">
    <system-out><![CDATA[HTTP/1.1 404 Not Found
Content-Type: application/problem+json; charset=utf-8; v=1.0
Date: Sun, 21 Sep 2025 11:44:15 GMT
Server: Kestrel
Transfer-Encoding: chunked
api-supported-versions: 1.0

{
    "type": "https://tools.ietf.org/html/rfc7231#section-6.5.4",
    "title": "Not Found",
    "status": 404,
    "traceId": "00-4b37f72f9d0bdf468b193d5d519e7829-18ef4f74b9d2574e-00"
}
]]></system-out>
  </testcase>
  <testcase name="updateUser_returns200" classname="com.example.bookstore.api.tests.UsersApiTests" time="0.135"/>
</testsuite>