<?xml version="1.0" encoding="UTF-8"?>
<!-- Generated by org.testng.reporters.JUnitReportReporter -->
<testsuite hostname="Martins-MacBook-Pro.local" failures="0" tests="7" name="com.example.bookstore.api.tests.AuthorsApiTests" time="1.183" errors="0" timestamp="2025-09-21T14:44:16 EEST" skipped="0">
  <testcase classname="com.example.bookstore.api.tests.AuthorsApiTests" name="getAuthorById_existing_returns200" time="0.159"/>
  <testcase classname="com.example.bookstore.api.tests.AuthorsApiTests" name="getAuthorById_notFound_returns404" time="0.143"/>
  <testcase classname="com.example.bookstore.api.tests.AuthorsApiTests" name="createAuthor_returns200AndEchoesPayload" time="0.226"/>
  <testcase classname="com.example.bookstore.api.tests.AuthorsApiTests" name="getAuthorsByBookId_returns200" time="0.166"/>
  <testcase classname="com.example.bookstore.api.tests.AuthorsApiTests" name="getAllAuthors_returns200AndNonEmptyList" time="0.211"/>
  <testcase classname="com.example.bookstore.api.tests.AuthorsApiTests" name="deleteAuthor_returns200" time="0.137"/>
  <testcase classname="com.example.bookstore.api.tests.AuthorsApiTests" name="updateAuthor_returns200" time="0.141"/>
</testsuite> <!-- com.example.bookstore.api.tests.AuthorsApiTests -->
