<?xml version="1.0" encoding="UTF-8"?>
<!-- Generated by org.testng.reporters.JUnitReportReporter -->
<testsuite hostname="Martins-MacBook-Pro.local" failures="0" tests="6" name="com.example.bookstore.api.tests.UsersApiTests" time="0.797" errors="0" timestamp="2025-09-21T14:44:16 EEST" skipped="0">
  <testcase classname="com.example.bookstore.api.tests.UsersApiTests" name="deleteUser_returns200" time="0.139"/>
  <testcase classname="com.example.bookstore.api.tests.UsersApiTests" name="getUserById_existing_returns200" time="0.126"/>
  <testcase classname="com.example.bookstore.api.tests.UsersApiTests" name="createUser_returns200AndEchoesPayload" time="0.143"/>
  <testcase classname="com.example.bookstore.api.tests.UsersApiTests" name="getUserById_notFound_returns404" time="0.132"/>
  <testcase classname="com.example.bookstore.api.tests.UsersApiTests" name="getAllUsers_returns200AndNonEmptyList" time="0.122"/>
  <testcase classname="com.example.bookstore.api.tests.UsersApiTests" name="updateUser_returns200" time="0.135"/>
</testsuite> <!-- com.example.bookstore.api.tests.UsersApiTests -->
