<?xml version="1.0" encoding="UTF-8"?>
<!-- Generated by org.testng.reporters.JUnitReportReporter -->
<testsuite hostname="Martins-MacBook-Pro.local" failures="0" tests="6" name="com.example.bookstore.api.tests.BooksApiTests" time="2.797" errors="0" timestamp="2025-09-21T14:44:16 EEST" skipped="0">
  <testcase classname="com.example.bookstore.api.tests.BooksApiTests" name="getBookById_existing_returns200" time="0.435"/>
  <testcase classname="com.example.bookstore.api.tests.BooksApiTests" name="deleteBook_returns200" time="0.196"/>
  <testcase classname="com.example.bookstore.api.tests.BooksApiTests" name="getAllBooks_returns200AndNonEmptyList" time="0.499"/>
  <testcase classname="com.example.bookstore.api.tests.BooksApiTests" name="getBookById_notFound_returns404" time="0.424"/>
  <testcase classname="com.example.bookstore.api.tests.BooksApiTests" name="updateBook_returns200AndBodyMatchesPayload" time="0.144"/>
  <testcase classname="com.example.bookstore.api.tests.BooksApiTests" name="createBook_returns200AndEchoesPayload" time="1.099"/>
</testsuite> <!-- com.example.bookstore.api.tests.BooksApiTests -->
