<?xml version="1.0" encoding="UTF-8"?>
<!-- Generated by org.testng.reporters.JUnitReportReporter -->
<testsuite hostname="Martins-MacBook-Pro.local" failures="0" tests="6" name="com.example.bookstore.api.tests.CoverPhotosApiTests" time="0.843" errors="0" timestamp="2025-09-21T14:44:16 EEST" skipped="0">
  <testcase classname="com.example.bookstore.api.tests.CoverPhotosApiTests" name="updateCoverPhoto_returns200" time="0.127"/>
  <testcase classname="com.example.bookstore.api.tests.CoverPhotosApiTests" name="getAllCoverPhotos_returns200AndNonEmptyList" time="0.177"/>
  <testcase classname="com.example.bookstore.api.tests.CoverPhotosApiTests" name="getCoverPhotosByBookId_returns200" time="0.133"/>
  <testcase classname="com.example.bookstore.api.tests.CoverPhotosApiTests" name="createCoverPhoto_returns200AndEchoesPayload" time="0.122"/>
  <testcase classname="com.example.bookstore.api.tests.CoverPhotosApiTests" name="getCoverPhotoById_existing_returns200" time="0.141"/>
  <testcase classname="com.example.bookstore.api.tests.CoverPhotosApiTests" name="deleteCoverPhoto_returns200" time="0.143"/>
</testsuite> <!-- com.example.bookstore.api.tests.CoverPhotosApiTests -->
