<?xml version="1.0" encoding="UTF-8"?>
<!-- Generated by org.testng.reporters.JUnitReportReporter -->
<testsuite hostname="Martins-MacBook-Pro.local" failures="0" tests="6" name="com.example.bookstore.api.tests.ActivitiesApiTests" time="0.803" errors="0" timestamp="2025-09-21T14:44:16 EEST" skipped="0">
  <testcase classname="com.example.bookstore.api.tests.ActivitiesApiTests" name="getAllActivities_returns200AndNonEmptyList" time="0.135"/>
  <testcase classname="com.example.bookstore.api.tests.ActivitiesApiTests" name="getActivityById_existing_returns200" time="0.138"/>
  <testcase classname="com.example.bookstore.api.tests.ActivitiesApiTests" name="createActivity_returns200AndEchoesPayload" time="0.131"/>
  <testcase classname="com.example.bookstore.api.tests.ActivitiesApiTests" name="getActivityById_notFound_returns404" time="0.143"/>
  <testcase classname="com.example.bookstore.api.tests.ActivitiesApiTests" name="updateActivity_returns200" time="0.130"/>
  <testcase classname="com.example.bookstore.api.tests.ActivitiesApiTests" name="deleteActivity_returns200" time="0.126"/>
</testsuite> <!-- com.example.bookstore.api.tests.ActivitiesApiTests -->
